<?xml version="1.0" encoding="UTF-8"?>
<!-- Generated by org.testng.reporters.JUnitReportReporter -->
<testsuite hostname="Ashvin" failures="0" tests="1" name="com.frameworkTests.myTestCases" time="0.008" errors="0" timestamp="2025-06-20T11:19:18 IST" skipped="0">
  <testcase classname="com.frameworkTests.myTestCases" name="firstOne" time="0.008"/>
  <system-out/>
</testsuite> <!-- com.frameworkTests.myTestCases -->
