<?xml version="1.0" encoding="UTF-8"?>
<!-- Generated by org.testng.reporters.JUnitReportReporter -->
<testsuite hostname="Ashvin" failures="0" tests="1" name="com.pomFramework.loginTest" time="0.360" errors="0" timestamp="2025-06-20T21:49:11 IST" skipped="0">
  <testcase classname="com.pomFramework.loginTest" name="loginTest" time="0.360"/>
  <system-out/>
</testsuite> <!-- com.pomFramework.loginTest -->
