<?xml version="1.0" encoding="UTF-8"?>
<!-- Generated by org.testng.reporters.JUnitReportReporter -->
<testsuite hostname="Ashvin" failures="0" tests="5" name="dataDrivenTesting.myDrivenTest" time="0.009" errors="0" timestamp="2025-06-18T18:42:50 IST" skipped="0">
  <testcase classname="dataDrivenTesting.myDrivenTest" name="deleverableProduct" time="0.001"/>
  <system-out/>
  <testcase classname="dataDrivenTesting.myDrivenTest" name="deleverableProduct" time="0.000"/>
  <system-out/>
  <testcase classname="dataDrivenTesting.myDrivenTest" name="deleverableProduct" time="0.000"/>
  <system-out/>
  <testcase classname="dataDrivenTesting.myDrivenTest" name="deleverableProduct" time="0.007"/>
  <system-out/>
  <testcase classname="dataDrivenTesting.myDrivenTest" name="notDeleverableProduct" time="0.001"/>
  <system-out/>
</testsuite> <!-- dataDrivenTesting.myDrivenTest -->
