<?xml version="1.0" encoding="UTF-8"?>
<!-- Generated by org.testng.reporters.JUnitReportReporter -->
<testsuite hostname="Ashvin" failures="0" tests="3" name="com.frameworkTests.parellelTesting" time="0.082" errors="0" timestamp="2025-06-20T11:19:18 IST" skipped="0">
  <testcase classname="com.frameworkTests.parellelTesting" name="testLogo" time="0.053"/>
  <system-out/>
  <testcase classname="com.frameworkTests.parellelTesting" name="testTitle" time="0.015"/>
  <system-out/>
  <testcase classname="com.frameworkTests.parellelTesting" name="testUrl" time="0.014"/>
  <system-out/>
</testsuite> <!-- com.frameworkTests.parellelTesting -->
