<?xml version="1.0" encoding="UTF-8"?>
<!-- Generated by org.testng.reporters.JUnitReportReporter -->
<testsuite hostname="Ashvin" failures="0" tests="2" name="com.frameworkTests.firstTestcase" time="1.448" errors="0" timestamp="2025-06-20T11:19:18 IST" skipped="0">
  <testcase classname="com.frameworkTests.firstTestcase" name="login" time="0.407"/>
  <system-out/>
  <testcase classname="com.frameworkTests.firstTestcase" name="logOut" time="1.041"/>
  <system-out/>
</testsuite> <!-- com.frameworkTests.firstTestcase -->
