<?xml version="1.0" encoding="UTF-8"?>
<!-- Generated by org.testng.reporters.JUnitReportReporter -->
<testsuite hostname="Ashvin" failures="0" tests="1" name="readingFileFromExcel.readingUsingPoi" time="1.775" errors="0" timestamp="2025-06-18T18:42:50 IST" skipped="0">
  <testcase classname="readingFileFromExcel.readingUsingPoi" name="readFile" time="1.775"/>
  <system-out/>
</testsuite> <!-- readingFileFromExcel.readingUsingPoi -->
