<?xml version="1.0" encoding="UTF-8"?>
<!-- Generated by org.testng.reporters.JUnitReportReporter -->
<testsuite hostname="Ashvin" failures="0" tests="1" name="readingFileFromExcel.readDataFromExceSheet" time="2.415" errors="0" timestamp="2025-06-18T18:42:50 IST" skipped="0">
  <testcase classname="readingFileFromExcel.readDataFromExceSheet" name="s1" time="2.415"/>
  <system-out/>
</testsuite> <!-- readingFileFromExcel.readDataFromExceSheet -->
