<?xml version="1.0" encoding="UTF-8"?>
<!-- Generated by org.testng.reporters.JUnitReportReporter -->
<testsuite hostname="Ashvin" failures="0" tests="9" name="com.frameworkTests.crossBroswerTesting" time="0.817" errors="0" timestamp="2025-06-20T11:48:08 IST" skipped="0">
  <testcase classname="com.frameworkTests.crossBroswerTesting" name="testLogo" time="0.200"/>
  <system-out/>
  <testcase classname="com.frameworkTests.crossBroswerTesting" name="testLogo" time="0.385"/>
  <system-out/>
  <testcase classname="com.frameworkTests.crossBroswerTesting" name="testLogo" time="0.096"/>
  <system-out/>
  <testcase classname="com.frameworkTests.crossBroswerTesting" name="testTitle" time="0.010"/>
  <system-out/>
  <testcase classname="com.frameworkTests.crossBroswerTesting" name="testTitle" time="0.006"/>
  <system-out/>
  <testcase classname="com.frameworkTests.crossBroswerTesting" name="testTitle" time="0.038"/>
  <system-out/>
  <testcase classname="com.frameworkTests.crossBroswerTesting" name="testUrl" time="0.025"/>
  <system-out/>
  <testcase classname="com.frameworkTests.crossBroswerTesting" name="testUrl" time="0.006"/>
  <system-out/>
  <testcase classname="com.frameworkTests.crossBroswerTesting" name="testUrl" time="0.051"/>
  <system-out/>
</testsuite> <!-- com.frameworkTests.crossBroswerTesting -->
