<?xml version="1.0" encoding="UTF-8"?>
<!-- Generated by org.testng.reporters.JUnitReportReporter -->
<testsuite hostname="Ashvin" failures="0" tests="3" name="com.frameworkTests.parelleTesting" time="0.188" errors="0" timestamp="2025-06-20T11:13:23 IST" skipped="0">
  <testcase classname="com.frameworkTests.parelleTesting" name="testLogo" time="0.145"/>
  <system-out/>
  <testcase classname="com.frameworkTests.parelleTesting" name="testTitle" time="0.030"/>
  <system-out/>
  <testcase classname="com.frameworkTests.parelleTesting" name="testUrl" time="0.013"/>
  <system-out/>
</testsuite> <!-- com.frameworkTests.parelleTesting -->
